{"/home/ewicart/delivery/catalogs/device-catalog/vendors/terabee/drivers/pc-l-xl/index.js": {"path":"/home/ewicart/delivery/catalogs/device-catalog/vendors/terabee/drivers/pc-l-xl/index.js","statementMap":{"0":{"start":{"line":2,"column":2},"end":{"line":2,"column":25}},"1":{"start":{"line":16,"column":20},"end":{"line":16,"column":22}},"2":{"start":{"line":18,"column":2},"end":{"line":20,"column":4}},"3":{"start":{"line":19,"column":4},"end":{"line":19,"column":52}},"4":{"start":{"line":21,"column":2},"end":{"line":21,"column":20}},"5":{"start":{"line":24,"column":0},"end":{"line":24,"column":15}},"6":{"start":{"line":25,"column":0},"end":{"line":25,"column":15}},"7":{"start":{"line":28,"column":2},"end":{"line":28,"column":13}},"8":{"start":{"line":29,"column":2},"end":{"line":29,"column":13}},"9":{"start":{"line":46,"column":2},"end":{"line":46,"column":23}},"10":{"start":{"line":48,"column":2},"end":{"line":48,"column":66}},"11":{"start":{"line":49,"column":2},"end":{"line":49,"column":47}},"12":{"start":{"line":51,"column":2},"end":{"line":51,"column":76}},"13":{"start":{"line":53,"column":2},"end":{"line":64,"column":3}},"14":{"start":{"line":53,"column":15},"end":{"line":53,"column":16}},"15":{"start":{"line":54,"column":4},"end":{"line":57,"column":5}},"16":{"start":{"line":58,"column":4},"end":{"line":61,"column":5}},"17":{"start":{"line":63,"column":4},"end":{"line":63,"column":63}},"18":{"start":{"line":65,"column":2},"end":{"line":65,"column":15}},"19":{"start":{"line":69,"column":2},"end":{"line":71,"column":3}},"20":{"start":{"line":70,"column":4},"end":{"line":70,"column":56}},"21":{"start":{"line":73,"column":16},"end":{"line":73,"column":17}},"22":{"start":{"line":74,"column":2},"end":{"line":76,"column":3}},"23":{"start":{"line":74,"column":15},"end":{"line":74,"column":16}},"24":{"start":{"line":75,"column":4},"end":{"line":75,"column":37}},"25":{"start":{"line":77,"column":2},"end":{"line":77,"column":17}},"26":{"start":{"line":79,"column":0},"end":{"line":79,"column":17}},"27":{"start":{"line":82,"column":2},"end":{"line":84,"column":3}},"28":{"start":{"line":83,"column":4},"end":{"line":83,"column":56}},"29":{"start":{"line":86,"column":16},"end":{"line":86,"column":17}},"30":{"start":{"line":87,"column":2},"end":{"line":89,"column":3}},"31":{"start":{"line":87,"column":15},"end":{"line":87,"column":16}},"32":{"start":{"line":88,"column":4},"end":{"line":88,"column":37}},"33":{"start":{"line":90,"column":2},"end":{"line":90,"column":17}},"34":{"start":{"line":92,"column":0},"end":{"line":92,"column":17}},"35":{"start":{"line":95,"column":14},"end":{"line":95,"column":26}},"36":{"start":{"line":97,"column":2},"end":{"line":98,"column":25}},"37":{"start":{"line":98,"column":4},"end":{"line":98,"column":25}},"38":{"start":{"line":100,"column":2},"end":{"line":101,"column":23}},"39":{"start":{"line":101,"column":4},"end":{"line":101,"column":23}},"40":{"start":{"line":103,"column":2},"end":{"line":104,"column":29}},"41":{"start":{"line":104,"column":4},"end":{"line":104,"column":29}},"42":{"start":{"line":106,"column":2},"end":{"line":107,"column":29}},"43":{"start":{"line":107,"column":4},"end":{"line":107,"column":29}},"44":{"start":{"line":109,"column":2},"end":{"line":109,"column":14}},"45":{"start":{"line":113,"column":2},"end":{"line":113,"column":13}},"46":{"start":{"line":115,"column":2},"end":{"line":123,"column":3}},"47":{"start":{"line":116,"column":4},"end":{"line":116,"column":28}},"48":{"start":{"line":117,"column":4},"end":{"line":117,"column":50}},"49":{"start":{"line":118,"column":4},"end":{"line":118,"column":31}},"50":{"start":{"line":120,"column":4},"end":{"line":120,"column":28}},"51":{"start":{"line":121,"column":4},"end":{"line":121,"column":21}},"52":{"start":{"line":122,"column":4},"end":{"line":122,"column":28}},"53":{"start":{"line":125,"column":2},"end":{"line":125,"column":15}},"54":{"start":{"line":128,"column":17},"end":{"line":128,"column":26}},"55":{"start":{"line":136,"column":2},"end":{"line":138,"column":3}},"56":{"start":{"line":137,"column":4},"end":{"line":137,"column":43}},"57":{"start":{"line":140,"column":2},"end":{"line":142,"column":3}},"58":{"start":{"line":141,"column":4},"end":{"line":141,"column":44}},"59":{"start":{"line":144,"column":2},"end":{"line":144,"column":50}},"60":{"start":{"line":145,"column":2},"end":{"line":145,"column":52}},"61":{"start":{"line":147,"column":2},"end":{"line":147,"column":30}},"62":{"start":{"line":149,"column":2},"end":{"line":152,"column":4}},"63":{"start":{"line":158,"column":2},"end":{"line":158,"column":50}},"64":{"start":{"line":159,"column":2},"end":{"line":159,"column":52}},"65":{"start":{"line":161,"column":2},"end":{"line":161,"column":30}},"66":{"start":{"line":162,"column":2},"end":{"line":162,"column":43}},"67":{"start":{"line":164,"column":2},"end":{"line":166,"column":3}},"68":{"start":{"line":165,"column":4},"end":{"line":165,"column":34}},"69":{"start":{"line":168,"column":2},"end":{"line":168,"column":16}},"70":{"start":{"line":172,"column":2},"end":{"line":175,"column":3}},"71":{"start":{"line":176,"column":2},"end":{"line":176,"column":13}},"72":{"start":{"line":180,"column":2},"end":{"line":182,"column":3}},"73":{"start":{"line":183,"column":2},"end":{"line":183,"column":13}},"74":{"start":{"line":187,"column":2},"end":{"line":189,"column":3}},"75":{"start":{"line":190,"column":2},"end":{"line":190,"column":13}},"76":{"start":{"line":194,"column":2},"end":{"line":196,"column":3}},"77":{"start":{"line":197,"column":2},"end":{"line":197,"column":13}},"78":{"start":{"line":201,"column":2},"end":{"line":203,"column":3}},"79":{"start":{"line":204,"column":2},"end":{"line":204,"column":13}},"80":{"start":{"line":208,"column":2},"end":{"line":210,"column":3}},"81":{"start":{"line":211,"column":2},"end":{"line":211,"column":13}},"82":{"start":{"line":216,"column":2},"end":{"line":216,"column":27}},"83":{"start":{"line":217,"column":2},"end":{"line":217,"column":33}},"84":{"start":{"line":218,"column":2},"end":{"line":218,"column":53}},"85":{"start":{"line":220,"column":2},"end":{"line":220,"column":40}},"86":{"start":{"line":221,"column":2},"end":{"line":221,"column":67}},"87":{"start":{"line":223,"column":2},"end":{"line":225,"column":3}},"88":{"start":{"line":224,"column":4},"end":{"line":224,"column":71}},"89":{"start":{"line":227,"column":2},"end":{"line":230,"column":3}},"90":{"start":{"line":231,"column":2},"end":{"line":231,"column":13}},"91":{"start":{"line":260,"column":0},"end":{"line":260,"column":24}},"92":{"start":{"line":261,"column":0},"end":{"line":261,"column":21}},"93":{"start":{"line":265,"column":0},"end":{"line":265,"column":17}},"94":{"start":{"line":267,"column":0},"end":{"line":267,"column":58}},"95":{"start":{"line":268,"column":0},"end":{"line":270,"column":1}},"96":{"start":{"line":271,"column":0},"end":{"line":271,"column":60}},"97":{"start":{"line":274,"column":0},"end":{"line":274,"column":17}},"98":{"start":{"line":276,"column":0},"end":{"line":276,"column":58}},"99":{"start":{"line":277,"column":0},"end":{"line":277,"column":58}},"100":{"start":{"line":280,"column":0},"end":{"line":280,"column":31}},"101":{"start":{"line":282,"column":0},"end":{"line":284,"column":1}},"102":{"start":{"line":285,"column":0},"end":{"line":287,"column":1}},"103":{"start":{"line":288,"column":0},"end":{"line":290,"column":1}},"104":{"start":{"line":291,"column":0},"end":{"line":293,"column":1}},"105":{"start":{"line":294,"column":0},"end":{"line":296,"column":1}},"106":{"start":{"line":297,"column":0},"end":{"line":299,"column":1}},"107":{"start":{"line":302,"column":0},"end":{"line":302,"column":23}},"108":{"start":{"line":304,"column":0},"end":{"line":306,"column":1}},"109":{"start":{"line":307,"column":0},"end":{"line":307,"column":71}},"110":{"start":{"line":310,"column":0},"end":{"line":310,"column":17}},"111":{"start":{"line":312,"column":0},"end":{"line":312,"column":63}},"112":{"start":{"line":315,"column":0},"end":{"line":315,"column":20}},"113":{"start":{"line":317,"column":0},"end":{"line":317,"column":69}},"114":{"start":{"line":320,"column":0},"end":{"line":320,"column":27}},"115":{"start":{"line":322,"column":0},"end":{"line":324,"column":1}},"116":{"start":{"line":325,"column":0},"end":{"line":325,"column":71}},"117":{"start":{"line":326,"column":0},"end":{"line":328,"column":1}},"118":{"start":{"line":329,"column":0},"end":{"line":329,"column":72}},"119":{"start":{"line":330,"column":0},"end":{"line":332,"column":1}},"120":{"start":{"line":333,"column":0},"end":{"line":333,"column":76}},"121":{"start":{"line":336,"column":0},"end":{"line":336,"column":21}},"122":{"start":{"line":338,"column":0},"end":{"line":338,"column":65}},"123":{"start":{"line":344,"column":13},"end":{"line":344,"column":25}},"124":{"start":{"line":346,"column":14},"end":{"line":346,"column":25}},"125":{"start":{"line":348,"column":2},"end":{"line":356,"column":3}},"126":{"start":{"line":349,"column":4},"end":{"line":349,"column":51}},"127":{"start":{"line":350,"column":4},"end":{"line":350,"column":52}},"128":{"start":{"line":351,"column":4},"end":{"line":351,"column":44}},"129":{"start":{"line":353,"column":4},"end":{"line":355,"column":6}},"130":{"start":{"line":358,"column":2},"end":{"line":378,"column":3}},"131":{"start":{"line":360,"column":4},"end":{"line":366,"column":5}},"132":{"start":{"line":361,"column":6},"end":{"line":361,"column":48}},"133":{"start":{"line":363,"column":6},"end":{"line":365,"column":7}},"134":{"start":{"line":368,"column":4},"end":{"line":373,"column":5}},"135":{"start":{"line":375,"column":4},"end":{"line":377,"column":6}},"136":{"start":{"line":380,"column":15},"end":{"line":380,"column":39}},"137":{"start":{"line":383,"column":2},"end":{"line":389,"column":3}},"138":{"start":{"line":384,"column":4},"end":{"line":384,"column":56}},"139":{"start":{"line":386,"column":4},"end":{"line":388,"column":5}},"140":{"start":{"line":391,"column":2},"end":{"line":395,"column":3}},"141":{"start":{"line":397,"column":2},"end":{"line":402,"column":3}},"142":{"start":{"line":398,"column":4},"end":{"line":398,"column":34}},"143":{"start":{"line":401,"column":4},"end":{"line":401,"column":50}},"144":{"start":{"line":404,"column":2},"end":{"line":406,"column":4}},"145":{"start":{"line":409,"column":0},"end":{"line":409,"column":12}},"146":{"start":{"line":412,"column":0},"end":{"line":427,"column":2}}},"fnMap":{"0":{"name":"isKthBitSet","decl":{"start":{"line":1,"column":9},"end":{"line":1,"column":20}},"loc":{"start":{"line":1,"column":30},"end":{"line":3,"column":1}},"line":1},"1":{"name":"bytesToBitsString","decl":{"start":{"line":14,"column":9},"end":{"line":14,"column":26}},"loc":{"start":{"line":14,"column":34},"end":{"line":22,"column":1}},"line":14},"2":{"name":"(anonymous_2)","decl":{"start":{"line":18,"column":16},"end":{"line":18,"column":17}},"loc":{"start":{"line":18,"column":24},"end":{"line":20,"column":3}},"line":18},"3":{"name":"Coordinate","decl":{"start":{"line":27,"column":9},"end":{"line":27,"column":19}},"loc":{"start":{"line":27,"column":26},"end":{"line":30,"column":1}},"line":27},"4":{"name":"bitsStringToXYpoints","decl":{"start":{"line":44,"column":9},"end":{"line":44,"column":29}},"loc":{"start":{"line":44,"column":41},"end":{"line":66,"column":1}},"line":44},"5":{"name":"uint32","decl":{"start":{"line":68,"column":9},"end":{"line":68,"column":15}},"loc":{"start":{"line":68,"column":23},"end":{"line":78,"column":1}},"line":68},"6":{"name":"uint16","decl":{"start":{"line":81,"column":9},"end":{"line":81,"column":15}},"loc":{"start":{"line":81,"column":23},"end":{"line":91,"column":1}},"line":81},"7":{"name":"decodeFlags","decl":{"start":{"line":94,"column":9},"end":{"line":94,"column":20}},"loc":{"start":{"line":94,"column":31},"end":{"line":110,"column":1}},"line":94},"8":{"name":"parseHeader","decl":{"start":{"line":112,"column":9},"end":{"line":112,"column":20}},"loc":{"start":{"line":112,"column":28},"end":{"line":126,"column":1}},"line":112},"9":{"name":"registerCommand","decl":{"start":{"line":130,"column":9},"end":{"line":130,"column":24}},"loc":{"start":{"line":134,"column":2},"end":{"line":153,"column":1}},"line":134},"10":{"name":"getCommand","decl":{"start":{"line":155,"column":9},"end":{"line":155,"column":19}},"loc":{"start":{"line":157,"column":2},"end":{"line":169,"column":1}},"line":157},"11":{"name":"parseCounts","decl":{"start":{"line":171,"column":9},"end":{"line":171,"column":20}},"loc":{"start":{"line":171,"column":29},"end":{"line":177,"column":1}},"line":171},"12":{"name":"parseCountDirection","decl":{"start":{"line":179,"column":9},"end":{"line":179,"column":28}},"loc":{"start":{"line":179,"column":37},"end":{"line":184,"column":1}},"line":179},"13":{"name":"parseAccessPointState","decl":{"start":{"line":186,"column":9},"end":{"line":186,"column":30}},"loc":{"start":{"line":186,"column":39},"end":{"line":191,"column":1}},"line":186},"14":{"name":"parseMountingHeight","decl":{"start":{"line":193,"column":9},"end":{"line":193,"column":28}},"loc":{"start":{"line":193,"column":37},"end":{"line":198,"column":1}},"line":193},"15":{"name":"parsePushPeriod","decl":{"start":{"line":200,"column":9},"end":{"line":200,"column":24}},"loc":{"start":{"line":200,"column":33},"end":{"line":205,"column":1}},"line":200},"16":{"name":"parseSoftwareVersion","decl":{"start":{"line":207,"column":9},"end":{"line":207,"column":29}},"loc":{"start":{"line":207,"column":38},"end":{"line":212,"column":1}},"line":207},"17":{"name":"parseCountAreaPoints","decl":{"start":{"line":214,"column":9},"end":{"line":214,"column":29}},"loc":{"start":{"line":214,"column":38},"end":{"line":232,"column":1}},"line":214},"18":{"name":"decodeUplink","decl":{"start":{"line":342,"column":9},"end":{"line":342,"column":21}},"loc":{"start":{"line":342,"column":29},"end":{"line":407,"column":1}},"line":342}},"branchMap":{"0":{"loc":{"start":{"line":69,"column":2},"end":{"line":71,"column":3}},"type":"if","locations":[{"start":{"line":69,"column":2},"end":{"line":71,"column":3}},{"start":{},"end":{}}],"line":69},"1":{"loc":{"start":{"line":82,"column":2},"end":{"line":84,"column":3}},"type":"if","locations":[{"start":{"line":82,"column":2},"end":{"line":84,"column":3}},{"start":{},"end":{}}],"line":82},"2":{"loc":{"start":{"line":97,"column":2},"end":{"line":98,"column":25}},"type":"if","locations":[{"start":{"line":97,"column":2},"end":{"line":98,"column":25}},{"start":{},"end":{}}],"line":97},"3":{"loc":{"start":{"line":100,"column":2},"end":{"line":101,"column":23}},"type":"if","locations":[{"start":{"line":100,"column":2},"end":{"line":101,"column":23}},{"start":{},"end":{}}],"line":100},"4":{"loc":{"start":{"line":103,"column":2},"end":{"line":104,"column":29}},"type":"if","locations":[{"start":{"line":103,"column":2},"end":{"line":104,"column":29}},{"start":{},"end":{}}],"line":103},"5":{"loc":{"start":{"line":106,"column":2},"end":{"line":107,"column":29}},"type":"if","locations":[{"start":{"line":106,"column":2},"end":{"line":107,"column":29}},{"start":{},"end":{}}],"line":106},"6":{"loc":{"start":{"line":115,"column":2},"end":{"line":123,"column":3}},"type":"if","locations":[{"start":{"line":115,"column":2},"end":{"line":123,"column":3}},{"start":{"line":119,"column":9},"end":{"line":123,"column":3}}],"line":115},"7":{"loc":{"start":{"line":117,"column":18},"end":{"line":117,"column":49}},"type":"cond-expr","locations":[{"start":{"line":117,"column":37},"end":{"line":117,"column":42}},{"start":{"line":117,"column":45},"end":{"line":117,"column":49}}],"line":117},"8":{"loc":{"start":{"line":133,"column":2},"end":{"line":133,"column":26}},"type":"default-arg","locations":[{"start":{"line":133,"column":17},"end":{"line":133,"column":26}}],"line":133},"9":{"loc":{"start":{"line":136,"column":2},"end":{"line":138,"column":3}},"type":"if","locations":[{"start":{"line":136,"column":2},"end":{"line":138,"column":3}},{"start":{},"end":{}}],"line":136},"10":{"loc":{"start":{"line":136,"column":6},"end":{"line":136,"column":30}},"type":"binary-expr","locations":[{"start":{"line":136,"column":6},"end":{"line":136,"column":15}},{"start":{"line":136,"column":19},"end":{"line":136,"column":30}}],"line":136},"11":{"loc":{"start":{"line":140,"column":2},"end":{"line":142,"column":3}},"type":"if","locations":[{"start":{"line":140,"column":2},"end":{"line":142,"column":3}},{"start":{},"end":{}}],"line":140},"12":{"loc":{"start":{"line":140,"column":6},"end":{"line":140,"column":32}},"type":"binary-expr","locations":[{"start":{"line":140,"column":6},"end":{"line":140,"column":16}},{"start":{"line":140,"column":20},"end":{"line":140,"column":32}}],"line":140},"13":{"loc":{"start":{"line":164,"column":2},"end":{"line":166,"column":3}},"type":"if","locations":[{"start":{"line":164,"column":2},"end":{"line":166,"column":3}},{"start":{},"end":{}}],"line":164},"14":{"loc":{"start":{"line":181,"column":16},"end":{"line":181,"column":61}},"type":"cond-expr","locations":[{"start":{"line":181,"column":40},"end":{"line":181,"column":50}},{"start":{"line":181,"column":53},"end":{"line":181,"column":61}}],"line":181},"15":{"loc":{"start":{"line":188,"column":12},"end":{"line":188,"column":58}},"type":"cond-expr","locations":[{"start":{"line":188,"column":36},"end":{"line":188,"column":45}},{"start":{"line":188,"column":48},"end":{"line":188,"column":58}}],"line":188},"16":{"loc":{"start":{"line":223,"column":2},"end":{"line":225,"column":3}},"type":"if","locations":[{"start":{"line":223,"column":2},"end":{"line":225,"column":3}},{"start":{},"end":{}}],"line":223},"17":{"loc":{"start":{"line":348,"column":2},"end":{"line":356,"column":3}},"type":"if","locations":[{"start":{"line":348,"column":2},"end":{"line":356,"column":3}},{"start":{},"end":{}}],"line":348},"18":{"loc":{"start":{"line":358,"column":2},"end":{"line":378,"column":3}},"type":"if","locations":[{"start":{"line":358,"column":2},"end":{"line":378,"column":3}},{"start":{},"end":{}}],"line":358},"19":{"loc":{"start":{"line":397,"column":2},"end":{"line":402,"column":3}},"type":"if","locations":[{"start":{"line":397,"column":2},"end":{"line":402,"column":3}},{"start":{},"end":{}}],"line":397}},"s":{"0":0,"1":0,"2":0,"3":0,"4":0,"5":1,"6":1,"7":0,"8":0,"9":0,"10":0,"11":0,"12":0,"13":0,"14":0,"15":0,"16":0,"17":0,"18":0,"19":0,"20":0,"21":0,"22":0,"23":0,"24":0,"25":0,"26":1,"27":0,"28":0,"29":0,"30":0,"31":0,"32":0,"33":0,"34":1,"35":0,"36":0,"37":0,"38":0,"39":0,"40":0,"41":0,"42":0,"43":0,"44":0,"45":0,"46":0,"47":0,"48":0,"49":0,"50":0,"51":0,"52":0,"53":0,"54":1,"55":22,"56":0,"57":22,"58":0,"59":22,"60":22,"61":22,"62":22,"63":0,"64":0,"65":0,"66":0,"67":0,"68":0,"69":0,"70":0,"71":0,"72":0,"73":0,"74":0,"75":0,"76":0,"77":0,"78":0,"79":0,"80":0,"81":0,"82":0,"83":0,"84":0,"85":0,"86":0,"87":0,"88":0,"89":0,"90":0,"91":1,"92":1,"93":1,"94":1,"95":1,"96":1,"97":1,"98":1,"99":1,"100":1,"101":1,"102":1,"103":1,"104":1,"105":1,"106":1,"107":1,"108":1,"109":1,"110":1,"111":1,"112":1,"113":1,"114":1,"115":1,"116":1,"117":1,"118":1,"119":1,"120":1,"121":1,"122":1,"123":0,"124":0,"125":0,"126":0,"127":0,"128":0,"129":0,"130":0,"131":0,"132":0,"133":0,"134":0,"135":0,"136":0,"137":0,"138":0,"139":0,"140":0,"141":0,"142":0,"143":0,"144":0,"145":1,"146":1},"f":{"0":0,"1":0,"2":0,"3":0,"4":0,"5":0,"6":0,"7":0,"8":0,"9":22,"10":0,"11":0,"12":0,"13":0,"14":0,"15":0,"16":0,"17":0,"18":0},"b":{"0":[0,0],"1":[0,0],"2":[0,0],"3":[0,0],"4":[0,0],"5":[0,0],"6":[0,0],"7":[0,0],"8":[11],"9":[0,22],"10":[22,22],"11":[0,22],"12":[22,22],"13":[0,0],"14":[0,0],"15":[0,0],"16":[0,0],"17":[0,0],"18":[0,0],"19":[0,0]},"_coverageSchema":"1a1c01bbd47fc00a2c39e90264f33305004495a9","hash":"3f9ca97cb53b7f1c5adf767cd18b4917d318bb85"}
}
