TN:
SF:index.js
FN:1,isKthBitSet
FN:14,bytesToBitsString
FN:18,(anonymous_2)
FN:27,Coordinate
FN:44,bitsStringToXYpoints
FN:68,uint32
FN:81,uint16
FN:94,decodeFlags
FN:112,parseHeader
FN:130,registerCommand
FN:155,getCommand
FN:171,parseCounts
FN:179,parseCountDirection
FN:186,parseAccessPointState
FN:193,parseMountingHeight
FN:200,parsePushPeriod
FN:207,parseSoftwareVersion
FN:214,parseCountAreaPoints
FN:342,decodeUplink
FNF:19
FNH:1
FNDA:0,isKthBitSet
FNDA:0,bytesToBitsString
FNDA:0,(anonymous_2)
FNDA:0,Coordinate
FNDA:0,bitsStringToXYpoints
FNDA:0,uint32
FNDA:0,uint16
FNDA:0,decodeFlags
FNDA:0,parseHeader
FNDA:22,registerCommand
FNDA:0,getCommand
FNDA:0,parseCounts
FNDA:0,parseCountDirection
FNDA:0,parseAccessPointState
FNDA:0,parseMountingHeight
FNDA:0,parsePushPeriod
FNDA:0,parseSoftwareVersion
FNDA:0,parseCountAreaPoints
FNDA:0,decodeUplink
DA:2,0
DA:16,0
DA:18,0
DA:19,0
DA:21,0
DA:24,1
DA:25,1
DA:28,0
DA:29,0
DA:46,0
DA:48,0
DA:49,0
DA:51,0
DA:53,0
DA:54,0
DA:58,0
DA:63,0
DA:65,0
DA:69,0
DA:70,0
DA:73,0
DA:74,0
DA:75,0
DA:77,0
DA:79,1
DA:82,0
DA:83,0
DA:86,0
DA:87,0
DA:88,0
DA:90,0
DA:92,1
DA:95,0
DA:97,0
DA:98,0
DA:100,0
DA:101,0
DA:103,0
DA:104,0
DA:106,0
DA:107,0
DA:109,0
DA:113,0
DA:115,0
DA:116,0
DA:117,0
DA:118,0
DA:120,0
DA:121,0
DA:122,0
DA:125,0
DA:128,1
DA:136,22
DA:137,0
DA:140,22
DA:141,0
DA:144,22
DA:145,22
DA:147,22
DA:149,22
DA:158,0
DA:159,0
DA:161,0
DA:162,0
DA:164,0
DA:165,0
DA:168,0
DA:172,0
DA:176,0
DA:180,0
DA:183,0
DA:187,0
DA:190,0
DA:194,0
DA:197,0
DA:201,0
DA:204,0
DA:208,0
DA:211,0
DA:216,0
DA:217,0
DA:218,0
DA:220,0
DA:221,0
DA:223,0
DA:224,0
DA:227,0
DA:231,0
DA:260,1
DA:261,1
DA:265,1
DA:267,1
DA:268,1
DA:271,1
DA:274,1
DA:276,1
DA:277,1
DA:280,1
DA:282,1
DA:285,1
DA:288,1
DA:291,1
DA:294,1
DA:297,1
DA:302,1
DA:304,1
DA:307,1
DA:310,1
DA:312,1
DA:315,1
DA:317,1
DA:320,1
DA:322,1
DA:325,1
DA:326,1
DA:329,1
DA:330,1
DA:333,1
DA:336,1
DA:338,1
DA:344,0
DA:346,0
DA:348,0
DA:349,0
DA:350,0
DA:351,0
DA:353,0
DA:358,0
DA:360,0
DA:361,0
DA:363,0
DA:368,0
DA:375,0
DA:380,0
DA:383,0
DA:384,0
DA:386,0
DA:391,0
DA:397,0
DA:398,0
DA:401,0
DA:404,0
DA:409,1
DA:412,1
LF:144
LH:45
BRDA:69,0,0,0
BRDA:69,0,1,0
BRDA:82,1,0,0
BRDA:82,1,1,0
BRDA:97,2,0,0
BRDA:97,2,1,0
BRDA:100,3,0,0
BRDA:100,3,1,0
BRDA:103,4,0,0
BRDA:103,4,1,0
BRDA:106,5,0,0
BRDA:106,5,1,0
BRDA:115,6,0,0
BRDA:115,6,1,0
BRDA:117,7,0,0
BRDA:117,7,1,0
BRDA:133,8,0,11
BRDA:136,9,0,0
BRDA:136,9,1,22
BRDA:136,10,0,22
BRDA:136,10,1,22
BRDA:140,11,0,0
BRDA:140,11,1,22
BRDA:140,12,0,22
BRDA:140,12,1,22
BRDA:164,13,0,0
BRDA:164,13,1,0
BRDA:181,14,0,0
BRDA:181,14,1,0
BRDA:188,15,0,0
BRDA:188,15,1,0
BRDA:223,16,0,0
BRDA:223,16,1,0
BRDA:348,17,0,0
BRDA:348,17,1,0
BRDA:358,18,0,0
BRDA:358,18,1,0
BRDA:397,19,0,0
BRDA:397,19,1,0
BRF:39
BRH:7
end_of_record
